2018-08-08 22:32:09,882 - root - INFO - Started
2018-08-08 22:32:09,882 - root - INFO - Doing something
2018-08-08 22:32:09,882 - root - INFO - Finished
2018-08-08 22:35:09,143 - root  - INFO     - Started
2018-08-08 22:35:09,143 - root  - INFO     - Doing something
2018-08-08 22:35:09,143 - root  - INFO     - Finished
2018-08-08 22:40:57,577 - root  - INFO     - Started
2018-08-08 22:40:57,577 - root  - INFO     - Doing something
2018-08-08 22:40:57,577 - root  - INFO     - Finished
2018-08-08 22:46:41,124 - root  - INFO     - Started
2018-08-08 22:46:41,124 - root  - INFO     - Doing something
2018-08-08 22:46:41,124 - root  - INFO     - Finished
2018-08-08 22:50:02,926 - root  - INFO     - Started
2018-08-08 22:50:02,926 - root  - INFO     - Doing something
2018-08-08 22:50:02,926 - root  - INFO     - Finished
2018-08-08 22:51:28,467 - root  - INFO     - Started
2018-08-08 22:51:28,467 - root  - INFO     - Doing something
2018-08-08 22:51:28,467 - root  - INFO     - Finished
2018-08-08 22:52:57,830 - root  - INFO     - Started
2018-08-08 22:52:57,830 - root  - INFO     - Doing something
2018-08-08 22:52:57,830 - root  - INFO     - Finished
2018-08-08 22:53:54,531 - root  - INFO     - Started
2018-08-08 22:53:54,531 - root  - INFO     - Doing something
2018-08-08 22:53:54,531 - root  - INFO     - Finished
2018-08-08 23:00:56,757 - root  - INFO     - Started
2018-08-08 23:00:56,757 - root  - WARNING  - Started in warning mode
2018-08-08 23:00:56,757 - root  - INFO     - Doing something
2018-08-08 23:00:56,757 - root  - INFO     - Finished
2018-08-08 23:02:44,787 - root  - INFO     - Started
2018-08-08 23:02:44,787 - root  - WARNING  - Started in warning mode
2018-08-08 23:02:44,787 - root  - INFO     - Doing something
2018-08-08 23:02:44,787 - root  - INFO     - Finished
2018-08-09 06:57:08,712 - root  - INFO     - Started
2018-08-09 06:57:08,712 - root  - WARNING  - Started in warning mode
2018-08-09 06:57:08,712 - root  - INFO     - Doing something
2018-08-09 06:57:08,712 - root  - INFO     - Finished
2018-08-09 07:35:13,502 - root  - INFO     - Started
2018-08-09 07:35:13,502 - root  - WARNING  - Started in warning mode
2018-08-09 07:35:13,502 - root  - INFO     - Doing something
2018-08-09 07:35:13,502 - root  - INFO     - Finished
2018-08-09 07:35:22,892 - root  - INFO     - Started
2018-08-09 07:35:22,892 - root  - WARNING  - Started in warning mode
2018-08-09 07:35:22,892 - root  - INFO     - Doing something
2018-08-09 07:35:22,892 - root  - INFO     - Finished
2018-08-09 07:36:13,807 - root  - INFO     - Started
2018-08-09 07:36:13,807 - root  - WARNING  - Started in warning mode
2018-08-09 07:36:13,807 - root  - INFO     - Doing something
2018-08-09 07:36:13,807 - root  - INFO     - Finished
2018-08-09 07:38:07,716 - root  - INFO     - Started
2018-08-09 07:38:07,716 - root  - WARNING  - Started in warning mode
2018-08-09 07:38:07,716 - root  - INFO     - Doing something
2018-08-09 07:38:07,716 - root  - INFO     - Finished
2018-08-09 07:40:00,852 - root  - INFO     - Started
2018-08-09 07:40:00,852 - root  - WARNING  - Started in warning mode
2018-08-09 07:40:00,852 - root  - INFO     - Doing something
2018-08-09 07:40:00,852 - root  - INFO     - Finished
2018-08-09 07:40:06,232 - root  - INFO     - Started
2018-08-09 07:40:06,232 - root  - WARNING  - Started in warning mode
2018-08-09 07:40:06,232 - root  - INFO     - Doing something
2018-08-09 07:40:06,232 - root  - INFO     - Finished
2018-08-09 07:40:41,569 - root  - INFO     - Started
2018-08-09 07:40:41,569 - root  - WARNING  - Started in warning mode
2018-08-09 07:40:41,569 - root  - INFO     - Doing something
2018-08-09 07:40:41,569 - root  - CRITICAL - Doing something in critical mode
2018-08-09 07:40:41,569 - root  - INFO     - Finished
2018-08-09 07:41:47,908 - root  - INFO     - Started
2018-08-09 07:41:47,908 - root  - WARNING  - Started in warning mode
2018-08-09 07:41:47,908 - root  - INFO     - Doing something
2018-08-09 07:41:47,908 - root  - CRITICAL - Doing something in critical mode
2018-08-09 07:41:47,908 - root  - INFO     - Finished
2018-08-09 07:42:30,706 - root  - INFO     - Started
2018-08-09 07:42:30,706 - root  - WARNING  - Started in warning mode
2018-08-09 07:42:30,706 - root  - INFO     - Doing something
2018-08-09 07:42:30,706 - root  - CRITICAL - Doing something in critical mode
2018-08-09 07:42:30,706 - root  - INFO     - Finished
2018-08-09 07:43:22,842 - root  - INFO     - Started
2018-08-09 07:43:22,842 - root  - WARNING  - Started in warning mode
2018-08-09 07:43:22,842 - root  - INFO     - Doing something
2018-08-09 07:43:22,842 - root  - CRITICAL - Doing something in critical mode
2018-08-09 07:43:22,842 - root  - INFO     - Finished
2018-08-09 07:50:27,389 - root  - INFO     - Started
2018-08-09 07:50:27,389 - root  - WARNING  - Started in warning mode
2018-08-09 08:08:52,245 - root  - INFO     - Started
2018-08-09 08:08:52,245 - root  - WARNING  - Started in warning mode
2018-08-09 08:08:52,245 - root  - INFO     - Doing something
2018-08-09 08:09:34,475 - root  - INFO     - Started
2018-08-09 08:09:34,475 - root  - WARNING  - Started in warning mode
2018-08-09 08:09:34,475 - root  - INFO     - Doing something
2018-08-09 08:09:34,475 - root  - CRITICAL - Doing something in critical mode
2018-08-09 08:09:34,475 - root  - INFO     - Finished
2018-08-09 08:09:38,998 - root  - INFO     - Started
2018-08-09 08:09:39,004 - root  - WARNING  - Started in warning mode
2018-08-09 08:09:39,004 - root  - INFO     - Doing something
2018-08-09 08:09:39,004 - root  - CRITICAL - Doing something in critical mode
2018-08-09 08:09:39,004 - root  - INFO     - Finished
2018-08-09 08:10:17,844 - root  - INFO     - Started
2018-08-09 08:10:17,844 - root  - WARNING  - Started in warning mode
2018-08-09 08:10:17,844 - root  - INFO     - Doing something
2018-08-09 08:10:17,844 - root  - CRITICAL - Doing something in critical mode
2018-08-09 08:10:17,844 - root  - INFO     - Finished
2018-08-09 08:10:36,524 - root  - INFO     - Started
2018-08-09 08:10:36,534 - root  - WARNING  - Started in warning mode
2018-08-09 08:10:36,534 - root  - INFO     - Doing something
2018-08-09 08:10:36,534 - root  - CRITICAL - Doing something in critical mode
2018-08-09 08:10:36,534 - root  - INFO     - Finished
2018-08-09 08:10:55,667 - root  - INFO     - Started
2018-08-09 08:10:55,667 - root  - WARNING  - Started in warning mode
2018-08-09 08:10:55,667 - root  - INFO     - Doing something
2018-08-09 08:11:40,804 - root  - INFO     - Started
2018-08-09 08:11:40,813 - root  - WARNING  - Started in warning mode
2018-08-09 08:11:40,813 - root  - INFO     - Doing something
2018-08-09 08:13:21,504 - root  - INFO     - Started
2018-08-09 08:13:21,504 - root  - WARNING  - Started in warning mode
2018-08-09 08:13:21,504 - root  - INFO     - Doing something
2018-08-09 08:13:36,326 - root  - INFO     - Started
2018-08-09 08:13:36,326 - root  - WARNING  - Started in warning mode
2018-08-09 08:13:36,326 - root  - INFO     - Doing something
2018-08-09 10:38:49,462 - root  - INFO     - Started
2018-08-09 10:38:49,462 - root  - WARNING  - Started in warning mode
2018-08-09 10:38:49,462 - root  - INFO     - Doing something
2018-08-09 10:38:49,462 - root  - CRITICAL - Doing something in critical mode
2018-08-09 10:38:49,462 - root  - INFO     - Finished
2018-08-09 10:39:04,094 - root  - INFO     - Started
2018-08-09 10:39:04,094 - root  - WARNING  - Started in warning mode
2018-08-09 10:39:04,094 - root  - INFO     - Doing something
2018-08-09 10:39:04,094 - root  - CRITICAL - Doing something in critical mode
2018-08-09 10:39:04,109 - root  - INFO     - Finished
2018-08-09 10:39:41,832 - root  - INFO     - Started
2018-08-09 10:39:41,832 - root  - WARNING  - Started in warning mode
2018-08-09 10:39:41,832 - root  - INFO     - Doing something
2018-08-09 10:39:41,832 - root  - CRITICAL - Doing something in critical mode
2018-08-09 10:39:41,832 - root  - INFO     - Finished
2018-08-09 10:40:31,462 - root  - INFO     - Started
2018-08-09 10:40:31,462 - root  - WARNING  - Started in warning mode
2018-08-09 10:40:31,462 - root  - INFO     - Doing something
2018-08-09 10:40:31,462 - root  - CRITICAL - Doing something in critical mode
2018-08-09 10:40:58,285 - root  - INFO     - Started
2018-08-09 10:40:58,285 - root  - WARNING  - Started in warning mode
2018-08-09 10:40:58,285 - root  - INFO     - Doing something
2018-08-09 10:40:58,301 - root  - CRITICAL - Doing something in critical mode
2018-08-09 10:41:10,680 - root  - INFO     - Started
2018-08-09 10:41:10,680 - root  - WARNING  - Started in warning mode
2018-08-09 10:41:10,680 - root  - INFO     - Doing something
2018-08-09 10:41:10,680 - root  - CRITICAL - Doing something in critical mode
2018-08-09 10:41:10,698 - root  - INFO     - Finished
2018-08-09 10:42:02,607 - root  - INFO     - Logging configration loaded and ready to be used
2018-08-09 10:42:02,623 - root  - INFO     - Started
2018-08-09 10:42:02,623 - root  - WARNING  - Started in warning mode
2018-08-09 10:42:02,623 - root  - INFO     - Doing something
2018-08-09 10:42:02,623 - root  - CRITICAL - Doing something in critical mode
2018-08-09 10:42:02,623 - root  - INFO     - Finished
2018-08-09 10:43:27,002 - root  - INFO     - Logging configration loaded and ready to be used
2018-08-09 10:43:27,018 - root  - INFO     - Started
2018-08-09 10:43:27,019 - root  - WARNING  - Started in warning mode
2018-08-09 10:43:27,019 - root  - INFO     - Doing something
2018-08-09 10:43:27,019 - root  - CRITICAL - Doing something in critical mode
2018-08-09 10:43:27,019 - root  - INFO     - Finished
2018-08-09 10:43:41,906 - root  - INFO     - Logging configration loaded and ready to be used
2018-08-09 10:43:41,906 - root  - INFO     - Started
2018-08-09 10:43:41,906 - root  - WARNING  - Started in warning mode
2018-08-09 10:43:41,906 - root  - INFO     - Doing something
2018-08-09 10:43:41,906 - root  - CRITICAL - Doing something in critical mode
2018-08-09 10:43:41,906 - root  - INFO     - Finished
2018-08-09 10:44:12,052 - root  - INFO     - Logging configration loaded and ready to be used
2018-08-09 10:44:12,052 - root  - INFO     - Started
2018-08-09 10:44:12,052 - root  - WARNING  - Started in warning mode
2018-08-09 10:44:12,052 - root  - INFO     - Doing something
2018-08-09 10:44:12,052 - root  - CRITICAL - Doing something in critical mode
2018-08-09 10:44:12,052 - root  - INFO     - Finished
