2018-08-08 22:32:09,882 - root - INFO - Started
2018-08-08 22:32:09,882 - root - INFO - Doing something
2018-08-08 22:32:09,882 - root - INFO - Finished
2018-08-08 22:35:09,143 - root  - INFO     - Started
2018-08-08 22:35:09,143 - root  - INFO     - Doing something
2018-08-08 22:35:09,143 - root  - INFO     - Finished
2018-08-08 22:40:57,577 - root  - INFO     - Started
2018-08-08 22:40:57,577 - root  - INFO     - Doing something
2018-08-08 22:40:57,577 - root  - INFO     - Finished
2018-08-08 22:46:41,124 - root  - INFO     - Started
2018-08-08 22:46:41,124 - root  - INFO     - Doing something
2018-08-08 22:46:41,124 - root  - INFO     - Finished
2018-08-08 22:50:02,926 - root  - INFO     - Started
2018-08-08 22:50:02,926 - root  - INFO     - Doing something
2018-08-08 22:50:02,926 - root  - INFO     - Finished
2018-08-08 22:51:28,467 - root  - INFO     - Started
2018-08-08 22:51:28,467 - root  - INFO     - Doing something
2018-08-08 22:51:28,467 - root  - INFO     - Finished
2018-08-08 22:52:57,830 - root  - INFO     - Started
2018-08-08 22:52:57,830 - root  - INFO     - Doing something
2018-08-08 22:52:57,830 - root  - INFO     - Finished
2018-08-08 22:53:54,531 - root  - INFO     - Started
2018-08-08 22:53:54,531 - root  - INFO     - Doing something
2018-08-08 22:53:54,531 - root  - INFO     - Finished
2018-08-08 23:00:56,757 - root  - INFO     - Started
2018-08-08 23:00:56,757 - root  - WARNING  - Started in warning mode
2018-08-08 23:00:56,757 - root  - INFO     - Doing something
2018-08-08 23:00:56,757 - root  - INFO     - Finished
2018-08-08 23:02:44,787 - root  - INFO     - Started
2018-08-08 23:02:44,787 - root  - WARNING  - Started in warning mode
2018-08-08 23:02:44,787 - root  - INFO     - Doing something
2018-08-08 23:02:44,787 - root  - INFO     - Finished
2018-08-09 06:57:08,712 - root  - INFO     - Started
2018-08-09 06:57:08,712 - root  - WARNING  - Started in warning mode
2018-08-09 06:57:08,712 - root  - INFO     - Doing something
2018-08-09 06:57:08,712 - root  - INFO     - Finished
2018-08-09 07:35:13,502 - root  - INFO     - Started
2018-08-09 07:35:13,502 - root  - WARNING  - Started in warning mode
2018-08-09 07:35:13,502 - root  - INFO     - Doing something
2018-08-09 07:35:13,502 - root  - INFO     - Finished
2018-08-09 07:35:22,892 - root  - INFO     - Started
2018-08-09 07:35:22,892 - root  - WARNING  - Started in warning mode
2018-08-09 07:35:22,892 - root  - INFO     - Doing something
2018-08-09 07:35:22,892 - root  - INFO     - Finished
2018-08-09 07:36:13,807 - root  - INFO     - Started
2018-08-09 07:36:13,807 - root  - WARNING  - Started in warning mode
2018-08-09 07:36:13,807 - root  - INFO     - Doing something
2018-08-09 07:36:13,807 - root  - INFO     - Finished
2018-08-09 07:38:07,716 - root  - INFO     - Started
2018-08-09 07:38:07,716 - root  - WARNING  - Started in warning mode
2018-08-09 07:38:07,716 - root  - INFO     - Doing something
2018-08-09 07:38:07,716 - root  - INFO     - Finished
2018-08-09 07:40:00,852 - root  - INFO     - Started
2018-08-09 07:40:00,852 - root  - WARNING  - Started in warning mode
2018-08-09 07:40:00,852 - root  - INFO     - Doing something
2018-08-09 07:40:00,852 - root  - INFO     - Finished
2018-08-09 07:40:06,232 - root  - INFO     - Started
2018-08-09 07:40:06,232 - root  - WARNING  - Started in warning mode
2018-08-09 07:40:06,232 - root  - INFO     - Doing something
2018-08-09 07:40:06,232 - root  - INFO     - Finished
2018-08-09 07:40:41,569 - root  - INFO     - Started
2018-08-09 07:40:41,569 - root  - WARNING  - Started in warning mode
2018-08-09 07:40:41,569 - root  - INFO     - Doing something
2018-08-09 07:40:41,569 - root  - CRITICAL - Doing something in critical mode
2018-08-09 07:40:41,569 - root  - INFO     - Finished
2018-08-09 07:41:47,908 - root  - INFO     - Started
2018-08-09 07:41:47,908 - root  - WARNING  - Started in warning mode
2018-08-09 07:41:47,908 - root  - INFO     - Doing something
2018-08-09 07:41:47,908 - root  - CRITICAL - Doing something in critical mode
2018-08-09 07:41:47,908 - root  - INFO     - Finished
2018-08-09 07:42:30,706 - root  - INFO     - Started
2018-08-09 07:42:30,706 - root  - WARNING  - Started in warning mode
2018-08-09 07:42:30,706 - root  - INFO     - Doing something
2018-08-09 07:42:30,706 - root  - CRITICAL - Doing something in critical mode
2018-08-09 07:42:30,706 - root  - INFO     - Finished
2018-08-09 07:43:22,842 - root  - INFO     - Started
2018-08-09 07:43:22,842 - root  - WARNING  - Started in warning mode
2018-08-09 07:43:22,842 - root  - INFO     - Doing something
2018-08-09 07:43:22,842 - root  - CRITICAL - Doing something in critical mode
2018-08-09 07:43:22,842 - root  - INFO     - Finished
2018-08-09 07:50:27,389 - root  - INFO     - Started
2018-08-09 07:50:27,389 - root  - WARNING  - Started in warning mode
2018-08-09 08:08:52,245 - root  - INFO     - Started
2018-08-09 08:08:52,245 - root  - WARNING  - Started in warning mode
2018-08-09 08:08:52,245 - root  - INFO     - Doing something
2018-08-09 08:09:34,475 - root  - INFO     - Started
2018-08-09 08:09:34,475 - root  - WARNING  - Started in warning mode
2018-08-09 08:09:34,475 - root  - INFO     - Doing something
2018-08-09 08:09:34,475 - root  - CRITICAL - Doing something in critical mode
2018-08-09 08:09:34,475 - root  - INFO     - Finished
2018-08-09 08:09:38,998 - root  - INFO     - Started
2018-08-09 08:09:39,004 - root  - WARNING  - Started in warning mode
2018-08-09 08:09:39,004 - root  - INFO     - Doing something
2018-08-09 08:09:39,004 - root  - CRITICAL - Doing something in critical mode
2018-08-09 08:09:39,004 - root  - INFO     - Finished
2018-08-09 08:10:17,844 - root  - INFO     - Started
2018-08-09 08:10:17,844 - root  - WARNING  - Started in warning mode
2018-08-09 08:10:17,844 - root  - INFO     - Doing something
2018-08-09 08:10:17,844 - root  - CRITICAL - Doing something in critical mode
2018-08-09 08:10:17,844 - root  - INFO     - Finished
2018-08-09 08:10:36,524 - root  - INFO     - Started
2018-08-09 08:10:36,534 - root  - WARNING  - Started in warning mode
2018-08-09 08:10:36,534 - root  - INFO     - Doing something
2018-08-09 08:10:36,534 - root  - CRITICAL - Doing something in critical mode
2018-08-09 08:10:36,534 - root  - INFO     - Finished
2018-08-09 08:10:55,667 - root  - INFO     - Started
2018-08-09 08:10:55,667 - root  - WARNING  - Started in warning mode
2018-08-09 08:10:55,667 - root  - INFO     - Doing something
2018-08-09 08:11:40,804 - root  - INFO     - Started
2018-08-09 08:11:40,813 - root  - WARNING  - Started in warning mode
2018-08-09 08:11:40,813 - root  - INFO     - Doing something
2018-08-09 08:13:21,504 - root  - INFO     - Started
2018-08-09 08:13:21,504 - root  - WARNING  - Started in warning mode
2018-08-09 08:13:21,504 - root  - INFO     - Doing something
2018-08-09 08:13:36,326 - root  - INFO     - Started
2018-08-09 08:13:36,326 - root  - WARNING  - Started in warning mode
2018-08-09 08:13:36,326 - root  - INFO     - Doing something
2018-08-09 10:38:49,462 - root  - INFO     - Started
2018-08-09 10:38:49,462 - root  - WARNING  - Started in warning mode
2018-08-09 10:38:49,462 - root  - INFO     - Doing something
2018-08-09 10:38:49,462 - root  - CRITICAL - Doing something in critical mode
2018-08-09 10:38:49,462 - root  - INFO     - Finished
2018-08-09 10:39:04,094 - root  - INFO     - Started
2018-08-09 10:39:04,094 - root  - WARNING  - Started in warning mode
2018-08-09 10:39:04,094 - root  - INFO     - Doing something
2018-08-09 10:39:04,094 - root  - CRITICAL - Doing something in critical mode
2018-08-09 10:39:04,109 - root  - INFO     - Finished
2018-08-09 10:39:41,832 - root  - INFO     - Started
2018-08-09 10:39:41,832 - root  - WARNING  - Started in warning mode
2018-08-09 10:39:41,832 - root  - INFO     - Doing something
2018-08-09 10:39:41,832 - root  - CRITICAL - Doing something in critical mode
2018-08-09 10:39:41,832 - root  - INFO     - Finished
2018-08-09 10:40:31,462 - root  - INFO     - Started
2018-08-09 10:40:31,462 - root  - WARNING  - Started in warning mode
2018-08-09 10:40:31,462 - root  - INFO     - Doing something
2018-08-09 10:40:31,462 - root  - CRITICAL - Doing something in critical mode
2018-08-09 10:40:58,285 - root  - INFO     - Started
2018-08-09 10:40:58,285 - root  - WARNING  - Started in warning mode
2018-08-09 10:40:58,285 - root  - INFO     - Doing something
2018-08-09 10:40:58,301 - root  - CRITICAL - Doing something in critical mode
2018-08-09 10:41:10,680 - root  - INFO     - Started
2018-08-09 10:41:10,680 - root  - WARNING  - Started in warning mode
2018-08-09 10:41:10,680 - root  - INFO     - Doing something
2018-08-09 10:41:10,680 - root  - CRITICAL - Doing something in critical mode
2018-08-09 10:41:10,698 - root  - INFO     - Finished
2018-08-09 10:42:02,607 - root  - INFO     - Logging configration loaded and ready to be used
2018-08-09 10:42:02,623 - root  - INFO     - Started
2018-08-09 10:42:02,623 - root  - WARNING  - Started in warning mode
2018-08-09 10:42:02,623 - root  - INFO     - Doing something
2018-08-09 10:42:02,623 - root  - CRITICAL - Doing something in critical mode
2018-08-09 10:42:02,623 - root  - INFO     - Finished
2018-08-09 10:43:27,002 - root  - INFO     - Logging configration loaded and ready to be used
2018-08-09 10:43:27,018 - root  - INFO     - Started
2018-08-09 10:43:27,019 - root  - WARNING  - Started in warning mode
2018-08-09 10:43:27,019 - root  - INFO     - Doing something
2018-08-09 10:43:27,019 - root  - CRITICAL - Doing something in critical mode
2018-08-09 10:43:27,019 - root  - INFO     - Finished
2018-08-09 10:43:41,906 - root  - INFO     - Logging configration loaded and ready to be used
2018-08-09 10:43:41,906 - root  - INFO     - Started
2018-08-09 10:43:41,906 - root  - WARNING  - Started in warning mode
2018-08-09 10:43:41,906 - root  - INFO     - Doing something
2018-08-09 10:43:41,906 - root  - CRITICAL - Doing something in critical mode
2018-08-09 10:43:41,906 - root  - INFO     - Finished
2018-08-09 10:44:12,052 - root  - INFO     - Logging configration loaded and ready to be used
2018-08-09 10:44:12,052 - root  - INFO     - Started
2018-08-09 10:44:12,052 - root  - WARNING  - Started in warning mode
2018-08-09 10:44:12,052 - root  - INFO     - Doing something
2018-08-09 10:44:12,052 - root  - CRITICAL - Doing something in critical mode
2018-08-09 10:44:12,052 - root  - INFO     - Finished
2018-08-09 15:38:53,591 - root  - INFO     - Logging configration loaded and ready to be used
2018-08-09 15:38:53,591 - root  - INFO     - Started
2018-08-09 15:38:53,591 - root  - WARNING  - Started in warning mode
2018-08-09 15:38:53,591 - root  - INFO     - Doing something
2018-08-09 15:38:53,591 - root  - CRITICAL - Doing something in critical mode
2018-08-09 15:38:53,591 - root  - INFO     - Finished
2018-08-09 15:41:26,902 - root  - INFO     - Logging configration loaded and ready to be used
2018-08-09 15:41:26,902 - root  - INFO     - Started
2018-08-09 15:41:26,918 - root  - WARNING  - Started in warning mode
2018-08-09 15:41:26,918 - root  - INFO     - Doing something
2018-08-09 15:41:26,918 - root  - CRITICAL - Doing something in critical mode
2018-08-09 15:41:26,918 - root  - INFO     - Finished
2018-08-09 15:45:56,347 - root  - INFO     - Completed configuring logger()!
2018-08-09 15:45:56,347 - root  - INFO     - Started
2018-08-09 15:45:56,347 - root  - WARNING  - Started in warning mode
2018-08-09 15:45:56,347 - root  - INFO     - Doing something
2018-08-09 15:45:56,347 - root  - CRITICAL - Doing something in critical mode
2018-08-09 15:45:56,347 - root  - INFO     - Finished
2018-08-09 15:46:11,799 - root  - INFO     - Completed configuring logger()!
2018-08-09 15:46:11,799 - root  - INFO     - Started
2018-08-09 15:46:11,799 - root  - WARNING  - Started in warning mode
2018-08-09 15:46:11,799 - root  - INFO     - Doing something
2018-08-09 15:46:11,799 - root  - CRITICAL - Doing something in critical mode
2018-08-09 15:46:11,799 - root  - INFO     - Finished
2018-08-09 15:47:31,415 - root  - INFO     - Completed configuring logger()!
2018-08-09 15:47:31,415 - root  - INFO     - Started
2018-08-09 15:47:31,415 - root  - WARNING  - Started in warning mode
2018-08-09 15:47:31,415 - root  - INFO     - Doing something
2018-08-09 15:47:31,415 - root  - CRITICAL - Doing something in critical mode
2018-08-09 15:47:31,415 - root  - INFO     - Finished
2018-08-09 15:49:18,263 - __main__ - INFO     - Completed configuring logger()!
2018-08-09 15:49:18,279 - root  - INFO     - Started
2018-08-09 15:49:18,279 - root  - WARNING  - Started in warning mode
2018-08-09 15:49:18,279 - root  - INFO     - Doing something
2018-08-09 15:49:18,279 - root  - CRITICAL - Doing something in critical mode
2018-08-09 15:49:18,279 - root  - INFO     - Finished
2018-08-09 15:50:04,241 - __main__ - INFO     - Completed configuring logger()!
2018-08-09 15:50:04,241 - root  - INFO     - Started
2018-08-09 15:50:04,241 - root  - WARNING  - Started in warning mode
2018-08-09 15:50:04,241 - root  - INFO     - Doing something
2018-08-09 15:50:04,241 - root  - CRITICAL - Doing something in critical mode
2018-08-09 15:50:04,241 - root  - INFO     - Finished
2018-08-09 15:51:54,649 - __main__ - INFO     - Completed configuring logger()!
2018-08-09 15:51:54,649 - root  - INFO     - Started
2018-08-09 15:51:54,649 - root  - WARNING  - Started in warning mode
2018-08-09 15:51:54,649 - root  - INFO     - Doing something
2018-08-09 15:51:54,649 - root  - CRITICAL - Doing something in critical mode
2018-08-09 15:51:54,649 - root  - INFO     - Finished
2018-08-09 15:52:08,463 - __main__ - INFO     - Completed configuring logger()!
2018-08-09 15:52:08,463 - root  - INFO     - Started
2018-08-09 15:52:08,463 - root  - WARNING  - Started in warning mode
2018-08-09 15:54:34,101 - __main__ - INFO     - Loaded conf/log_conf.yaml logger() configuration!
2018-08-09 15:54:34,101 - root  - INFO     - Started
2018-08-09 15:54:34,101 - root  - WARNING  - Started in warning mode
2018-08-09 15:54:46,710 - __main__ - INFO     - Loaded conf/log_conf.yaml logger() configuration!
2018-08-09 15:54:46,710 - root  - INFO     - Started
2018-08-09 15:54:46,710 - root  - WARNING  - Started in warning mode
2018-08-09 15:54:46,710 - root  - INFO     - Doing something
2018-08-09 15:54:46,710 - root  - CRITICAL - Doing something in critical mode
2018-08-09 15:54:46,710 - root  - INFO     - Finished
2018-08-09 15:55:46,501 ; __main__ ; INFO     ; Loaded conf/log_conf.yaml logger() configuration!
2018-08-09 15:55:46,501 ; root  ; INFO     ; Started
2018-08-09 15:55:46,501 ; root  ; WARNING  ; Started in warning mode
2018-08-09 15:55:46,501 ; root  ; INFO     ; Doing something
2018-08-09 15:55:46,501 ; root  ; CRITICAL ; Doing something in critical mode
2018-08-09 15:55:46,501 ; root  ; INFO     ; Finished
2018-08-09 15:56:55,720 	 __main__ 	 INFO     	 Loaded conf/log_conf.yaml logger() configuration!
2018-08-09 15:56:55,720 	 root  	 INFO     	 Started
2018-08-09 15:56:55,720 	 root  	 WARNING  	 Started in warning mode
2018-08-09 15:56:55,720 	 root  	 INFO     	 Doing something
2018-08-09 15:56:55,720 	 root  	 CRITICAL 	 Doing something in critical mode
2018-08-09 15:56:55,720 	 root  	 INFO     	 Finished
2018-08-09 15:58:37,048 	 __main__ 	 INFO     	 Loaded conf/log_conf.yaml logger configuration!
2018-08-09 15:58:37,048 	 root  	 INFO     	 Started
2018-08-09 15:58:37,048 	 root  	 WARNING  	 Started in warning mode
2018-08-09 15:58:37,048 	 root  	 INFO     	 Doing something
2018-08-09 15:58:37,048 	 root  	 CRITICAL 	 Doing something in critical mode
2018-08-09 15:58:37,048 	 root  	 INFO     	 Finished
2018-08-09 15:59:25,998 	 __main__ 	 INFO     	 Loaded conf/log_conf.yaml logger configuration!
2018-08-09 15:59:25,998 	 root  	 INFO     	 Started
2018-08-09 15:59:25,998 	 root  	 WARNING  	 Started in warning mode
2018-08-09 15:59:25,998 	 root  	 INFO     	 Doing something
2018-08-09 15:59:25,998 	 root  	 CRITICAL 	 Doing something in critical mode
2018-08-09 15:59:25,998 	 root  	 INFO     	 Finished
2018-08-09 16:11:25,971 	 __main__ 	 INFO     	 Loaded conf/log_conf.yaml logger configuration!
2018-08-09 16:11:25,971 	 root  	 INFO     	 Started
2018-08-09 16:11:25,971 	 root  	 WARNING  	 Started in warning mode
2018-08-09 16:11:25,971 	 root  	 INFO     	 Doing something
2018-08-09 16:11:25,971 	 root  	 CRITICAL 	 Doing something in critical mode
2018-08-09 16:11:25,971 	 root  	 INFO     	 Finished
2018-08-09 16:13:56,776 	 __main__ 	 INFO     	 Loaded conf/log_conf.yaml logger configuration!
2018-08-09 16:13:56,776 	 root  	 INFO     	 Started
2018-08-09 16:13:56,776 	 root  	 WARNING  	 Started in warning mode
2018-08-09 16:13:56,776 	 root  	 INFO     	 Doing something
2018-08-09 16:13:56,776 	 root  	 CRITICAL 	 Doing something in critical mode
2018-08-09 16:13:56,776 	 root  	 INFO     	 Finished
2018-08-09 16:42:35,760 	 __main__ 	 INFO     	 Loaded data/log_conf.yaml logger configuration!
2018-08-09 16:42:35,760 	 root  	 INFO     	 Started
2018-08-09 16:42:35,760 	 root  	 WARNING  	 Started in warning mode
2018-08-09 16:42:35,760 	 root  	 INFO     	 Doing something
2018-08-09 16:42:35,760 	 root  	 CRITICAL 	 Doing something in critical mode
2018-08-09 16:42:35,760 	 root  	 INFO     	 Finished
2018-08-09 16:43:23,642 	 __main__ 	 INFO     	 Loaded data/log_conf.yaml logger configuration!
2018-08-09 16:43:23,642 	 root  	 INFO     	 Started
2018-08-09 16:43:23,642 	 root  	 WARNING  	 Started in warning mode
2018-08-09 16:43:23,642 	 root  	 INFO     	 Doing something
2018-08-09 16:43:23,642 	 root  	 CRITICAL 	 Doing something in critical mode
2018-08-09 16:43:23,646 	 root  	 INFO     	 Finished
2018-08-09 17:39:16,922 	 lib.logger 	 INFO     	 Loaded data/log_conf.yaml logger configuration!
2018-08-09 17:39:16,922 	 root  	 INFO     	 Started
2018-08-09 17:39:16,922 	 root  	 WARNING  	 Started in warning mode
2018-08-09 17:39:16,922 	 root  	 INFO     	 Doing something
2018-08-09 17:39:16,922 	 root  	 CRITICAL 	 Doing something in critical mode
2018-08-09 17:39:16,922 	 root  	 INFO     	 Finished
2018-08-09 20:05:54,858 	 lib.logger 	 INFO     	 Loaded data/log_conf.yaml logger configuration!
2018-08-09 20:05:54,858 	 root  	 INFO     	 Started
2018-08-09 20:05:54,858 	 root  	 WARNING  	 Started in warning mode
2018-08-09 20:05:54,858 	 root  	 INFO     	 Doing something
2018-08-09 20:05:54,858 	 root  	 CRITICAL 	 Doing something in critical mode
2018-08-09 20:05:54,858 	 root  	 INFO     	 Finished
2018-08-09 20:10:32,892 	 lib.logger 	 INFO     	 Loaded data/log_conf.yaml logger configuration!
2018-08-09 20:10:32,892 	 root  	 INFO     	 Started
2018-08-09 20:10:32,908 	 root  	 WARNING  	 Started in warning mode
2018-08-09 20:10:32,908 	 root  	 INFO     	 Doing something
2018-08-09 20:10:32,908 	 root  	 CRITICAL 	 Doing something in critical mode
2018-08-09 20:10:32,908 	 root  	 INFO     	 Finished
2018-08-09 20:11:02,907 	 root  	 INFO     	 Loaded data/log_conf.yaml logger configuration!
2018-08-09 20:11:02,907 	 root  	 INFO     	 Started
2018-08-09 20:11:02,907 	 root  	 WARNING  	 Started in warning mode
2018-08-09 20:11:02,907 	 root  	 INFO     	 Doing something
2018-08-09 20:11:02,908 	 root  	 CRITICAL 	 Doing something in critical mode
2018-08-09 20:11:02,908 	 root  	 INFO     	 Finished
2018-08-09 20:45:20,020 	 root  	 INFO     	 Started
2018-08-09 20:45:20,020 	 root  	 WARNING  	 Started in warning mode
2018-08-09 20:45:20,020 	 root  	 INFO     	 Doing something
2018-08-09 20:45:20,020 	 root  	 CRITICAL 	 Doing something in critical mode
2018-08-09 20:45:20,020 	 root  	 INFO     	 Finished
2018-08-09 20:45:30,896 	 root  	 INFO     	 Started
2018-08-09 20:45:30,896 	 root  	 WARNING  	 Started in warning mode
2018-08-09 20:45:30,896 	 root  	 INFO     	 Doing something
2018-08-09 20:45:30,896 	 root  	 CRITICAL 	 Doing something in critical mode
2018-08-09 20:45:30,896 	 root  	 INFO     	 Finished
2018-08-09 20:46:31,414 	 root  	 INFO     	 Started
2018-08-09 20:46:31,414 	 root  	 WARNING  	 Started in warning mode
2018-08-09 20:46:31,414 	 root  	 INFO     	 Doing something
2018-08-09 20:46:31,414 	 root  	 CRITICAL 	 Doing something in critical mode
2018-08-09 20:46:31,414 	 root  	 INFO     	 Finished
2018-08-09 20:46:54,974 	 lib.logger 	 INFO     	 Loaded data/log_conf.yaml logger configuration!
2018-08-09 20:46:54,989 	 root  	 INFO     	 Started
2018-08-09 20:46:54,989 	 root  	 WARNING  	 Started in warning mode
2018-08-09 20:46:54,989 	 root  	 INFO     	 Doing something
2018-08-09 20:46:54,989 	 root  	 CRITICAL 	 Doing something in critical mode
2018-08-09 20:46:54,989 	 root  	 INFO     	 Finished
2018-08-10 07:46:53,681 	 lib.logger 	 INFO     	 Loaded data/log_conf.yaml logger configuration!
2018-08-10 07:46:53,681 	 root  	 INFO     	 Started
2018-08-10 07:46:53,681 	 root  	 WARNING  	 Started in warning mode
2018-08-10 07:46:53,681 	 root  	 INFO     	 Doing something
2018-08-10 07:46:53,681 	 root  	 CRITICAL 	 Doing something in critical mode
2018-08-10 07:46:53,681 	 root  	 INFO     	 Finished
2018-08-10 07:47:31,794 	 root  	 INFO     	 Loaded data/log_conf.yaml logger configuration!
2018-08-10 07:47:31,794 	 root  	 INFO     	 Started
2018-08-10 07:47:31,794 	 root  	 WARNING  	 Started in warning mode
2018-08-10 07:47:31,794 	 root  	 INFO     	 Doing something
2018-08-10 07:47:31,794 	 root  	 CRITICAL 	 Doing something in critical mode
2018-08-10 07:47:31,794 	 root  	 INFO     	 Finished
2018-08-10 20:18:51,518 	 lib.logger 	 INFO     	 Loaded conf/log_conf.yaml logger configuration!
2018-08-10 20:18:51,518 	 root  	 INFO     	 Started
2018-08-10 20:18:51,518 	 root  	 WARNING  	 Started in warning mode
2018-08-10 20:18:51,518 	 root  	 INFO     	 Doing something
2018-08-10 20:18:51,518 	 root  	 CRITICAL 	 Doing something in critical mode
2018-08-10 20:18:51,518 	 root  	 INFO     	 Finished
2018-08-10 20:21:40,751 	 lib.logger 	 INFO     	 Loaded conf/log_conf.yaml logger configuration!
2018-08-10 20:21:40,751 	 root  	 INFO     	 Started
2018-08-10 20:21:40,751 	 root  	 WARNING  	 Started in warning mode
2018-08-10 20:21:40,751 	 root  	 INFO     	 Doing something
2018-08-10 20:21:40,751 	 root  	 CRITICAL 	 Doing something in critical mode
2018-08-10 20:21:40,751 	 root  	 INFO     	 Finished
2018-08-10 22:00:02,454 	 lib.logger 	 INFO     	 Loaded conf/log_conf.yaml logger configuration!
2018-08-10 22:00:02,454 	 root  	 INFO     	 Started
2018-08-10 22:00:02,454 	 root  	 WARNING  	 Started in warning mode
2018-08-10 22:00:02,454 	 root  	 INFO     	 Doing something
2018-08-10 22:00:02,454 	 root  	 CRITICAL 	 Doing something in critical mode
2018-08-10 22:00:02,454 	 root  	 INFO     	 Finished
2018-08-10 22:00:08,924 	 lib.logger 	 INFO     	 Loaded conf/log_conf.yaml logger configuration!
2018-08-10 22:00:08,924 	 root  	 INFO     	 Started
2018-08-10 22:00:08,924 	 root  	 WARNING  	 Started in warning mode
2018-08-10 22:00:08,924 	 root  	 INFO     	 Doing something
2018-08-10 22:00:08,924 	 root  	 CRITICAL 	 Doing something in critical mode
2018-08-10 22:00:08,940 	 root  	 INFO     	 Finished
2018-08-10 22:00:50,035 	 lib.logger 	 INFO     	 Loaded conf/log_conf.yaml logger configuration!
2018-08-10 22:00:50,035 	 __main__ 	 INFO     	 Started
2018-08-10 22:00:50,035 	 root  	 WARNING  	 Started in warning mode
2018-08-10 22:00:50,035 	 __main__ 	 INFO     	 Doing something
2018-08-10 22:00:50,035 	 root  	 CRITICAL 	 Doing something in critical mode
2018-08-10 22:00:50,035 	 root  	 INFO     	 Finished
2018-08-10 22:01:20,300 	 lib.logger 	 INFO     	 Loaded conf/log_conf.yaml logger configuration!
2018-08-10 22:01:20,300 	 root  	 WARNING  	 Started in warning mode
2018-08-10 22:01:20,300 	 root  	 CRITICAL 	 Doing something in critical mode
2018-08-10 22:01:20,300 	 root  	 INFO     	 Finished
2018-08-10 22:03:34,459 	 lib.logger 	 INFO     	 Loaded conf/log_conf.yaml logger configuration!
2018-08-10 22:03:34,459 	 root  	 WARNING  	 Started in warning mode
2018-08-10 22:03:34,459 	 root  	 CRITICAL 	 Doing something in critical mode
2018-08-10 22:03:34,459 	 root  	 INFO     	 Finished
2018-08-10 22:03:48,620 	 root  	 WARNING  	 Started in warning mode
2018-08-10 22:03:48,620 	 root  	 CRITICAL 	 Doing something in critical mode
2018-08-10 22:03:48,620 	 root  	 INFO     	 Finished
2018-08-10 22:04:17,858 	 lib.logger 	 INFO     	 Loaded conf/log_conf.yaml logger configuration!
2018-08-10 22:04:17,858 	 root  	 WARNING  	 Started in warning mode
2018-08-10 22:04:17,858 	 root  	 CRITICAL 	 Doing something in critical mode
2018-08-10 22:04:17,858 	 root  	 INFO     	 Finished
2018-08-10 22:04:49,849 	 lib.logger 	 INFO     	 Loaded conf/log_conf.yaml logger configuration!
2018-08-10 22:04:49,849 	 root  	 WARNING  	 Started in warning mode
2018-08-10 22:04:49,849 	 root  	 CRITICAL 	 Doing something in critical mode
2018-08-10 22:04:49,849 	 root  	 INFO     	 Finished
2018-08-10 22:05:29,970 	 root  	 INFO     	 Loaded conf/log_conf.yaml logger configuration!
2018-08-10 22:05:29,970 	 root  	 WARNING  	 Started in warning mode
2018-08-10 22:05:29,970 	 root  	 CRITICAL 	 Doing something in critical mode
2018-08-10 22:05:29,970 	 root  	 INFO     	 Finished
2018-08-10 22:05:44,816 	 lib.logger 	 INFO     	 Loaded conf/log_conf.yaml logger configuration!
2018-08-10 22:05:44,816 	 root  	 WARNING  	 Started in warning mode
2018-08-10 22:05:44,816 	 root  	 CRITICAL 	 Doing something in critical mode
2018-08-10 22:05:44,816 	 root  	 INFO     	 Finished
2018-08-10 22:06:58,558 	 lib.logger 	 INFO     	 Loaded conf/log_conf.yaml logger configuration!
2018-08-10 22:06:58,558 	 root  	 WARNING  	 Started in warning mode
2018-08-10 22:06:58,558 	 root  	 CRITICAL 	 Doing something in critical mode
2018-08-10 22:06:58,558 	 root  	 INFO     	 Finished
2018-08-10 22:07:09,177 	 lib.logger 	 INFO     	 Loaded conf/log_conf.yaml logger configuration!
2018-08-10 22:07:09,177 	 __main__ 	 INFO     	 Started
2018-08-10 22:07:09,177 	 root  	 WARNING  	 Started in warning mode
2018-08-10 22:07:09,177 	 __main__ 	 INFO     	 Doing something
2018-08-10 22:07:09,177 	 root  	 CRITICAL 	 Doing something in critical mode
2018-08-10 22:07:09,177 	 root  	 INFO     	 Finished
2018-08-10 22:08:00,031 	 lib.logger 	 INFO     	 Loaded conf/log_conf.yaml logger configuration!
2018-08-10 22:08:00,031 	 root  	 WARNING  	 Started in warning mode
2018-08-10 22:08:00,031 	 root  	 CRITICAL 	 Doing something in critical mode
2018-08-10 22:08:00,031 	 root  	 INFO     	 Finished
2018-08-10 22:08:01,861 	 lib.logger 	 INFO     	 Loaded conf/log_conf.yaml logger configuration!
2018-08-10 22:08:01,861 	 root  	 WARNING  	 Started in warning mode
2018-08-10 22:08:01,861 	 root  	 CRITICAL 	 Doing something in critical mode
2018-08-10 22:08:01,861 	 root  	 INFO     	 Finished
2018-08-10 22:08:09,985 	 lib.logger 	 INFO     	 Loaded conf/log_conf.yaml logger configuration!
2018-08-10 22:08:09,985 	 __main__ 	 INFO     	 Started
2018-08-10 22:08:09,985 	 root  	 WARNING  	 Started in warning mode
2018-08-10 22:08:09,985 	 __main__ 	 INFO     	 Doing something
2018-08-10 22:08:09,985 	 root  	 CRITICAL 	 Doing something in critical mode
2018-08-10 22:08:09,985 	 root  	 INFO     	 Finished
2018-08-10 22:08:53,849 	 root  	 WARNING  	 Started in warning mode
2018-08-10 22:08:53,849 	 root  	 CRITICAL 	 Doing something in critical mode
2018-08-10 22:08:53,849 	 root  	 INFO     	 Finished
2018-08-10 22:09:05,400 	 root  	 WARNING  	 Started in warning mode
2018-08-10 22:09:05,401 	 root  	 CRITICAL 	 Doing something in critical mode
2018-08-10 22:09:05,402 	 root  	 INFO     	 Finished
2018-08-10 22:09:12,557 	 root  	 WARNING  	 Started in warning mode
2018-08-10 22:09:12,557 	 root  	 CRITICAL 	 Doing something in critical mode
2018-08-10 22:09:12,557 	 root  	 INFO     	 Finished
2018-08-10 22:09:45,936 	 root  	 WARNING  	 Started in warning mode
2018-08-10 22:09:45,936 	 root  	 CRITICAL 	 Doing something in critical mode
2018-08-10 22:09:45,936 	 root  	 INFO     	 Finished
2018-08-11 21:24:16,196 	 lib.logger 	 INFO     	 Loaded C:\Users\denny_000\Documents\GitHub\outlook\conf/log_conf.yaml logger configuration!
2018-08-11 21:31:52,552 	 lib.logger 	 INFO     	 Loaded C:\Users\denny_000\Documents\GitHub\outlook\conf/log_conf.yaml configuration file for logger!
2018-08-12 06:47:18,862 	 lib.logger 	 INFO     	 Loaded C:\Users\denny_000\Documents\GitHub\outlook\conf/log_conf.yaml configuration file for logger!
2018-08-12 17:21:28,605 	 lib.logger 	 INFO     	 Loaded C:\Users\denny_000\Documents\GitHub\outlook\conf/log_conf.yaml configuration file for logger!
2018-08-12 17:22:58,983 	 lib.logger 	 INFO     	 Loaded C:\Users\denny_000\Documents\GitHub\outlook\conf/log_conf.yaml configuration file for logger!
2018-08-12 17:30:13,484 	 lib.logger 	 INFO     	 Loaded C:\Users\denny_000\Documents\GitHub\outlook\conf/log_conf.yaml configuration file for logger!
2018-08-12 17:30:44,628 	 lib.logger 	 INFO     	 Loaded C:\Users\denny_000\Documents\GitHub\outlook\conf/log_conf.yaml configuration file for logger!
2018-08-12 17:31:47,892 	 lib.logger 	 INFO     	 Loaded C:\Users\denny_000\Documents\GitHub\outlook\conf/log_conf.yaml configuration file for logger!
2018-08-12 17:32:01,200 	 lib.logger 	 INFO     	 Loaded C:\Users\denny_000\Documents\GitHub\outlook\conf/log_conf.yaml configuration file for logger!
2018-08-12 17:32:39,606 	 lib.logger 	 INFO     	 Loaded C:\Users\denny_000\Documents\GitHub\outlook\conf/log_conf.yaml configuration file for logger!
2018-08-12 17:33:15,898 	 lib.logger 	 INFO     	 Loaded C:\Users\denny_000\Documents\GitHub\outlook\conf/log_conf.yaml configuration file for logger!
2018-08-12 18:10:05,514 	 lib.logger 	 INFO     	 Loaded C:\Users\denny_000\Documents\GitHub\outlook\conf/log_conf.yaml configuration file for logger!
2018-08-13 07:46:57,324 	 lib.logger 	 INFO     	 Loaded C:\Users\denny_000\Documents\GitHub\outlook\conf/log_conf.yaml configuration file for logger!
